<?xml version="1.0" encoding="UTF-8"?>
<testng-results skipped="0" failed="0" total="2" passed="2">
  <reporter-output>
  </reporter-output>
  <suite name="Default suite" duration-ms="4520" started-at="2021-10-10T10:04:26Z" finished-at="2021-10-10T10:04:31Z">
    <groups>
    </groups>
    <test name="Default test" duration-ms="4520" started-at="2021-10-10T10:04:26Z" finished-at="2021-10-10T10:04:31Z">
      <class name="methods.FetchVaccinationDetails">
        <test-method status="PASS" signature="beforeTest()[pri:0, instance:methods.FetchVaccinationDetails@55040f2f]" name="beforeTest" is-config="true" duration-ms="725" started-at="2021-10-10T15:34:26Z" finished-at="2021-10-10T15:34:27Z">
          <reporter-output>
          </reporter-output>
        </test-method> <!-- beforeTest -->
        <test-method status="PASS" signature="sendGetRequest()[pri:0, instance:methods.FetchVaccinationDetails@55040f2f]" name="sendGetRequest" duration-ms="1833" started-at="2021-10-10T15:34:27Z" finished-at="2021-10-10T15:34:29Z">
          <reporter-output>
          </reporter-output>
        </test-method> <!-- sendGetRequest -->
        <test-method status="PASS" signature="dataValidation()[pri:0, instance:methods.FetchVaccinationDetails@55040f2f]" name="dataValidation" duration-ms="1950" started-at="2021-10-10T15:34:29Z" depends-on-methods="methods.FetchVaccinationDetails.sendGetRequest" finished-at="2021-10-10T15:34:31Z">
          <reporter-output>
          </reporter-output>
        </test-method> <!-- dataValidation -->
        <test-method status="PASS" signature="afterTest()[pri:0, instance:methods.FetchVaccinationDetails@55040f2f]" name="afterTest" is-config="true" duration-ms="0" started-at="2021-10-10T15:34:31Z" finished-at="2021-10-10T15:34:31Z">
          <reporter-output>
          </reporter-output>
        </test-method> <!-- afterTest -->
      </class> <!-- methods.FetchVaccinationDetails -->
    </test> <!-- Default test -->
  </suite> <!-- Default suite -->
</testng-results>
